[2023-07-28 09:12:54,428] INFO [Broker id=1] Transitioning 54 partition(s) to local followers. (state.change.logger)
[2023-07-28 09:12:54,430] INFO [Broker id=1] Follower __consumer_offsets-13 starts at leader epoch 25 from offset 0 with partition epoch 25 and high watermark 0. Current leader is -1. Previous leader epoch was 24. (state.change.logger)
[2023-07-28 09:12:54,433] INFO [Broker id=1] Follower __consumer_offsets-46 starts at leader epoch 25 from offset 0 with partition epoch 25 and high watermark 0. Current leader is -1. Previous leader epoch was 24. (state.change.logger)
[2023-07-28 09:12:54,433] INFO [Broker id=1] Follower __consumer_offsets-9 starts at leader epoch 25 from offset 0 with partition epoch 25 and high watermark 0. Current leader is -1. Previous leader epoch was 24. (state.change.logger)
[2023-07-28 09:12:54,433] INFO [Broker id=1] Follower __consumer_offsets-42 starts at leader epoch 25 from offset 0 with partition epoch 25 and high watermark 0. Current leader is -1. Previous leader epoch was 24. (state.change.logger)
[2023-07-28 09:12:54,433] INFO [Broker id=1] Follower __consumer_offsets-21 starts at leader epoch 25 from offset 0 with partition epoch 25 and high watermark 0. Current leader is -1. Previous leader epoch was 24. (state.change.logger)
[2023-07-28 09:12:54,433] INFO [Broker id=1] Follower __consumer_offsets-17 starts at leader epoch 25 from offset 0 with partition epoch 25 and high watermark 0. Current leader is -1. Previous leader epoch was 24. (state.change.logger)
[2023-07-28 09:12:54,433] INFO [Broker id=1] Follower __consumer_offsets-30 starts at leader epoch 25 from offset 0 with partition epoch 25 and high watermark 0. Current leader is -1. Previous leader epoch was 24. (state.change.logger)
[2023-07-28 09:12:54,433] INFO [Broker id=1] Follower __consumer_offsets-26 starts at leader epoch 25 from offset 0 with partition epoch 25 and high watermark 0. Current leader is -1. Previous leader epoch was 24. (state.change.logger)
[2023-07-28 09:12:54,433] INFO [Broker id=1] Follower __consumer_offsets-5 starts at leader epoch 25 from offset 0 with partition epoch 25 and high watermark 0. Current leader is -1. Previous leader epoch was 24. (state.change.logger)
[2023-07-28 09:12:54,433] INFO [Broker id=1] Follower __consumer_offsets-38 starts at leader epoch 25 from offset 0 with partition epoch 25 and high watermark 0. Current leader is -1. Previous leader epoch was 24. (state.change.logger)
[2023-07-28 09:12:54,433] INFO [Broker id=1] Follower triffy-topics-0 starts at leader epoch 25 from offset 14 with partition epoch 25 and high watermark 14. Current leader is -1. Previous leader epoch was 24. (state.change.logger)
[2023-07-28 09:12:54,433] INFO [Broker id=1] Follower triffy-ondc-0 starts at leader epoch 13 from offset 40 with partition epoch 13 and high watermark 40. Current leader is -1. Previous leader epoch was 12. (state.change.logger)
[2023-07-28 09:12:54,433] INFO [Broker id=1] Follower __consumer_offsets-1 starts at leader epoch 25 from offset 0 with partition epoch 25 and high watermark 0. Current leader is -1. Previous leader epoch was 24. (state.change.logger)
[2023-07-28 09:12:54,433] INFO [Broker id=1] Follower __consumer_offsets-34 starts at leader epoch 25 from offset 0 with partition epoch 25 and high watermark 0. Current leader is -1. Previous leader epoch was 24. (state.change.logger)
[2023-07-28 09:12:54,433] INFO [Broker id=1] Follower __consumer_offsets-16 starts at leader epoch 25 from offset 0 with partition epoch 25 and high watermark 0. Current leader is -1. Previous leader epoch was 24. (state.change.logger)
[2023-07-28 09:12:54,433] INFO [Broker id=1] Follower __consumer_offsets-45 starts at leader epoch 25 from offset 0 with partition epoch 25 and high watermark 0. Current leader is -1. Previous leader epoch was 24. (state.change.logger)
[2023-07-28 09:12:54,433] INFO [Broker id=1] Follower __consumer_offsets-12 starts at leader epoch 25 from offset 0 with partition epoch 25 and high watermark 0. Current leader is -1. Previous leader epoch was 24. (state.change.logger)
[2023-07-28 09:12:54,433] INFO [Broker id=1] Follower __consumer_offsets-41 starts at leader epoch 25 from offset 0 with partition epoch 25 and high watermark 0. Current leader is -1. Previous leader epoch was 24. (state.change.logger)
[2023-07-28 09:12:54,433] INFO [Broker id=1] Follower __consumer_offsets-24 starts at leader epoch 25 from offset 0 with partition epoch 25 and high watermark 0. Current leader is -1. Previous leader epoch was 24. (state.change.logger)
[2023-07-28 09:12:54,433] INFO [Broker id=1] Follower __consumer_offsets-20 starts at leader epoch 25 from offset 11 with partition epoch 25 and high watermark 11. Current leader is -1. Previous leader epoch was 24. (state.change.logger)
[2023-07-28 09:12:54,433] INFO [Broker id=1] Follower __consumer_offsets-49 starts at leader epoch 25 from offset 0 with partition epoch 25 and high watermark 0. Current leader is -1. Previous leader epoch was 24. (state.change.logger)
[2023-07-28 09:12:54,433] INFO [Broker id=1] Follower __consumer_offsets-0 starts at leader epoch 25 from offset 3 with partition epoch 25 and high watermark 3. Current leader is -1. Previous leader epoch was 24. (state.change.logger)
[2023-07-28 09:12:54,433] INFO [Broker id=1] Follower __consumer_offsets-29 starts at leader epoch 25 from offset 0 with partition epoch 25 and high watermark 0. Current leader is -1. Previous leader epoch was 24. (state.change.logger)
[2023-07-28 09:12:54,433] INFO [Broker id=1] Follower triffy-topic-0 starts at leader epoch 25 from offset 4 with partition epoch 25 and high watermark 4. Current leader is -1. Previous leader epoch was 24. (state.change.logger)
[2023-07-28 09:12:54,433] INFO [Broker id=1] Follower __consumer_offsets-25 starts at leader epoch 25 from offset 0 with partition epoch 25 and high watermark 0. Current leader is -1. Previous leader epoch was 24. (state.change.logger)
[2023-07-28 09:12:54,433] INFO [Broker id=1] Follower __consumer_offsets-8 starts at leader epoch 25 from offset 0 with partition epoch 25 and high watermark 0. Current leader is -1. Previous leader epoch was 24. (state.change.logger)
[2023-07-28 09:12:54,433] INFO [Broker id=1] Follower __consumer_offsets-37 starts at leader epoch 25 from offset 0 with partition epoch 25 and high watermark 0. Current leader is -1. Previous leader epoch was 24. (state.change.logger)
[2023-07-28 09:12:54,433] INFO [Broker id=1] Follower __consumer_offsets-4 starts at leader epoch 25 from offset 0 with partition epoch 25 and high watermark 0. Current leader is -1. Previous leader epoch was 24. (state.change.logger)
[2023-07-28 09:12:54,433] INFO [Broker id=1] Follower __consumer_offsets-33 starts at leader epoch 25 from offset 0 with partition epoch 25 and high watermark 0. Current leader is -1. Previous leader epoch was 24. (state.change.logger)
[2023-07-28 09:12:54,433] INFO [Broker id=1] Follower __consumer_offsets-15 starts at leader epoch 25 from offset 0 with partition epoch 25 and high watermark 0. Current leader is -1. Previous leader epoch was 24. (state.change.logger)
[2023-07-28 09:12:54,433] INFO [Broker id=1] Follower __consumer_offsets-48 starts at leader epoch 25 from offset 0 with partition epoch 25 and high watermark 0. Current leader is -1. Previous leader epoch was 24. (state.change.logger)
[2023-07-28 09:12:54,433] INFO [Broker id=1] Follower __consumer_offsets-11 starts at leader epoch 25 from offset 0 with partition epoch 25 and high watermark 0. Current leader is -1. Previous leader epoch was 24. (state.change.logger)
[2023-07-28 09:12:54,433] INFO [Broker id=1] Follower __consumer_offsets-44 starts at leader epoch 25 from offset 0 with partition epoch 25 and high watermark 0. Current leader is -1. Previous leader epoch was 24. (state.change.logger)
[2023-07-28 09:12:54,433] INFO [Broker id=1] Follower __consumer_offsets-23 starts at leader epoch 25 from offset 0 with partition epoch 25 and high watermark 0. Current leader is -1. Previous leader epoch was 24. (state.change.logger)
[2023-07-28 09:12:54,433] INFO [Broker id=1] Follower __consumer_offsets-19 starts at leader epoch 25 from offset 0 with partition epoch 25 and high watermark 0. Current leader is -1. Previous leader epoch was 24. (state.change.logger)
[2023-07-28 09:12:54,433] INFO [Broker id=1] Follower __consumer_offsets-32 starts at leader epoch 25 from offset 0 with partition epoch 25 and high watermark 0. Current leader is -1. Previous leader epoch was 24. (state.change.logger)
[2023-07-28 09:12:54,433] INFO [Broker id=1] Follower __consumer_offsets-28 starts at leader epoch 25 from offset 0 with partition epoch 25 and high watermark 0. Current leader is -1. Previous leader epoch was 24. (state.change.logger)
[2023-07-28 09:12:54,433] INFO [Broker id=1] Follower __consumer_offsets-7 starts at leader epoch 25 from offset 0 with partition epoch 25 and high watermark 0. Current leader is -1. Previous leader epoch was 24. (state.change.logger)
[2023-07-28 09:12:54,433] INFO [Broker id=1] Follower __consumer_offsets-40 starts at leader epoch 25 from offset 0 with partition epoch 25 and high watermark 0. Current leader is -1. Previous leader epoch was 24. (state.change.logger)
[2023-07-28 09:12:54,433] INFO [Broker id=1] Follower __consumer_offsets-3 starts at leader epoch 25 from offset 0 with partition epoch 25 and high watermark 0. Current leader is -1. Previous leader epoch was 24. (state.change.logger)
[2023-07-28 09:12:54,433] INFO [Broker id=1] Follower __consumer_offsets-36 starts at leader epoch 25 from offset 0 with partition epoch 25 and high watermark 0. Current leader is -1. Previous leader epoch was 24. (state.change.logger)
[2023-07-28 09:12:54,433] INFO [Broker id=1] Follower __consumer_offsets-47 starts at leader epoch 25 from offset 0 with partition epoch 25 and high watermark 0. Current leader is -1. Previous leader epoch was 24. (state.change.logger)
[2023-07-28 09:12:54,433] INFO [Broker id=1] Follower quickstart-events-0 starts at leader epoch 25 from offset 0 with partition epoch 25 and high watermark 0. Current leader is -1. Previous leader epoch was 24. (state.change.logger)
[2023-07-28 09:12:54,433] INFO [Broker id=1] Follower __consumer_offsets-14 starts at leader epoch 25 from offset 0 with partition epoch 25 and high watermark 0. Current leader is -1. Previous leader epoch was 24. (state.change.logger)
[2023-07-28 09:12:54,433] INFO [Broker id=1] Follower __consumer_offsets-43 starts at leader epoch 25 from offset 0 with partition epoch 25 and high watermark 0. Current leader is -1. Previous leader epoch was 24. (state.change.logger)
[2023-07-28 09:12:54,433] INFO [Broker id=1] Follower __consumer_offsets-10 starts at leader epoch 25 from offset 0 with partition epoch 25 and high watermark 0. Current leader is -1. Previous leader epoch was 24. (state.change.logger)
[2023-07-28 09:12:54,433] INFO [Broker id=1] Follower __consumer_offsets-22 starts at leader epoch 25 from offset 0 with partition epoch 25 and high watermark 0. Current leader is -1. Previous leader epoch was 24. (state.change.logger)
[2023-07-28 09:12:54,433] INFO [Broker id=1] Follower __consumer_offsets-18 starts at leader epoch 25 from offset 3 with partition epoch 25 and high watermark 3. Current leader is -1. Previous leader epoch was 24. (state.change.logger)
[2023-07-28 09:12:54,433] INFO [Broker id=1] Follower __consumer_offsets-31 starts at leader epoch 25 from offset 0 with partition epoch 25 and high watermark 0. Current leader is -1. Previous leader epoch was 24. (state.change.logger)
[2023-07-28 09:12:54,433] INFO [Broker id=1] Follower __consumer_offsets-27 starts at leader epoch 25 from offset 0 with partition epoch 25 and high watermark 0. Current leader is -1. Previous leader epoch was 24. (state.change.logger)
[2023-07-28 09:12:54,434] INFO [Broker id=1] Follower __consumer_offsets-39 starts at leader epoch 25 from offset 0 with partition epoch 25 and high watermark 0. Current leader is -1. Previous leader epoch was 24. (state.change.logger)
[2023-07-28 09:12:54,434] INFO [Broker id=1] Follower __consumer_offsets-6 starts at leader epoch 25 from offset 0 with partition epoch 25 and high watermark 0. Current leader is -1. Previous leader epoch was 24. (state.change.logger)
[2023-07-28 09:12:54,434] INFO [Broker id=1] Follower __consumer_offsets-35 starts at leader epoch 25 from offset 3 with partition epoch 25 and high watermark 3. Current leader is -1. Previous leader epoch was 24. (state.change.logger)
[2023-07-28 09:12:54,434] INFO [Broker id=1] Follower __consumer_offsets-2 starts at leader epoch 25 from offset 0 with partition epoch 25 and high watermark 0. Current leader is -1. Previous leader epoch was 24. (state.change.logger)
[2023-07-28 09:12:54,435] INFO [Broker id=1] Stopped fetchers as part of controlled shutdown for 54 partitions (state.change.logger)
[2023-07-28 09:12:54,516] INFO [Broker id=1] Transitioning 54 partition(s) to local followers. (state.change.logger)
[2023-07-28 09:12:54,516] INFO [Broker id=1] Follower __consumer_offsets-13 starts at leader epoch 26 from offset 0 with partition epoch 26 and high watermark 0. Current leader is -1. Previous leader epoch was 25. (state.change.logger)
[2023-07-28 09:12:54,516] INFO [Broker id=1] Follower __consumer_offsets-46 starts at leader epoch 26 from offset 0 with partition epoch 26 and high watermark 0. Current leader is -1. Previous leader epoch was 25. (state.change.logger)
[2023-07-28 09:12:54,516] INFO [Broker id=1] Follower __consumer_offsets-9 starts at leader epoch 26 from offset 0 with partition epoch 26 and high watermark 0. Current leader is -1. Previous leader epoch was 25. (state.change.logger)
[2023-07-28 09:12:54,516] INFO [Broker id=1] Follower __consumer_offsets-42 starts at leader epoch 26 from offset 0 with partition epoch 26 and high watermark 0. Current leader is -1. Previous leader epoch was 25. (state.change.logger)
[2023-07-28 09:12:54,516] INFO [Broker id=1] Follower __consumer_offsets-21 starts at leader epoch 26 from offset 0 with partition epoch 26 and high watermark 0. Current leader is -1. Previous leader epoch was 25. (state.change.logger)
[2023-07-28 09:12:54,516] INFO [Broker id=1] Follower __consumer_offsets-17 starts at leader epoch 26 from offset 0 with partition epoch 26 and high watermark 0. Current leader is -1. Previous leader epoch was 25. (state.change.logger)
[2023-07-28 09:12:54,516] INFO [Broker id=1] Follower __consumer_offsets-30 starts at leader epoch 26 from offset 0 with partition epoch 26 and high watermark 0. Current leader is -1. Previous leader epoch was 25. (state.change.logger)
[2023-07-28 09:12:54,516] INFO [Broker id=1] Follower __consumer_offsets-26 starts at leader epoch 26 from offset 0 with partition epoch 26 and high watermark 0. Current leader is -1. Previous leader epoch was 25. (state.change.logger)
[2023-07-28 09:12:54,516] INFO [Broker id=1] Follower __consumer_offsets-5 starts at leader epoch 26 from offset 0 with partition epoch 26 and high watermark 0. Current leader is -1. Previous leader epoch was 25. (state.change.logger)
[2023-07-28 09:12:54,517] INFO [Broker id=1] Follower __consumer_offsets-38 starts at leader epoch 26 from offset 0 with partition epoch 26 and high watermark 0. Current leader is -1. Previous leader epoch was 25. (state.change.logger)
[2023-07-28 09:12:54,517] INFO [Broker id=1] Follower triffy-topics-0 starts at leader epoch 26 from offset 14 with partition epoch 26 and high watermark 14. Current leader is -1. Previous leader epoch was 25. (state.change.logger)
[2023-07-28 09:12:54,517] INFO [Broker id=1] Follower triffy-ondc-0 starts at leader epoch 14 from offset 40 with partition epoch 14 and high watermark 40. Current leader is -1. Previous leader epoch was 13. (state.change.logger)
[2023-07-28 09:12:54,517] INFO [Broker id=1] Follower __consumer_offsets-1 starts at leader epoch 26 from offset 0 with partition epoch 26 and high watermark 0. Current leader is -1. Previous leader epoch was 25. (state.change.logger)
[2023-07-28 09:12:54,517] INFO [Broker id=1] Follower __consumer_offsets-34 starts at leader epoch 26 from offset 0 with partition epoch 26 and high watermark 0. Current leader is -1. Previous leader epoch was 25. (state.change.logger)
[2023-07-28 09:12:54,519] INFO [Broker id=1] Follower __consumer_offsets-16 starts at leader epoch 26 from offset 0 with partition epoch 26 and high watermark 0. Current leader is -1. Previous leader epoch was 25. (state.change.logger)
[2023-07-28 09:12:54,519] INFO [Broker id=1] Follower __consumer_offsets-45 starts at leader epoch 26 from offset 0 with partition epoch 26 and high watermark 0. Current leader is -1. Previous leader epoch was 25. (state.change.logger)
[2023-07-28 09:12:54,519] INFO [Broker id=1] Follower __consumer_offsets-12 starts at leader epoch 26 from offset 0 with partition epoch 26 and high watermark 0. Current leader is -1. Previous leader epoch was 25. (state.change.logger)
[2023-07-28 09:12:54,519] INFO [Broker id=1] Follower __consumer_offsets-41 starts at leader epoch 26 from offset 0 with partition epoch 26 and high watermark 0. Current leader is -1. Previous leader epoch was 25. (state.change.logger)
[2023-07-28 09:12:54,519] INFO [Broker id=1] Follower __consumer_offsets-24 starts at leader epoch 26 from offset 0 with partition epoch 26 and high watermark 0. Current leader is -1. Previous leader epoch was 25. (state.change.logger)
[2023-07-28 09:12:54,519] INFO [Broker id=1] Follower __consumer_offsets-20 starts at leader epoch 26 from offset 11 with partition epoch 26 and high watermark 11. Current leader is -1. Previous leader epoch was 25. (state.change.logger)
[2023-07-28 09:12:54,519] INFO [Broker id=1] Follower __consumer_offsets-49 starts at leader epoch 26 from offset 0 with partition epoch 26 and high watermark 0. Current leader is -1. Previous leader epoch was 25. (state.change.logger)
[2023-07-28 09:12:54,519] INFO [Broker id=1] Follower __consumer_offsets-0 starts at leader epoch 26 from offset 3 with partition epoch 26 and high watermark 3. Current leader is -1. Previous leader epoch was 25. (state.change.logger)
[2023-07-28 09:12:54,519] INFO [Broker id=1] Follower __consumer_offsets-29 starts at leader epoch 26 from offset 0 with partition epoch 26 and high watermark 0. Current leader is -1. Previous leader epoch was 25. (state.change.logger)
[2023-07-28 09:12:54,519] INFO [Broker id=1] Follower triffy-topic-0 starts at leader epoch 26 from offset 4 with partition epoch 26 and high watermark 4. Current leader is -1. Previous leader epoch was 25. (state.change.logger)
[2023-07-28 09:12:54,519] INFO [Broker id=1] Follower __consumer_offsets-25 starts at leader epoch 26 from offset 0 with partition epoch 26 and high watermark 0. Current leader is -1. Previous leader epoch was 25. (state.change.logger)
[2023-07-28 09:12:54,519] INFO [Broker id=1] Follower __consumer_offsets-8 starts at leader epoch 26 from offset 0 with partition epoch 26 and high watermark 0. Current leader is -1. Previous leader epoch was 25. (state.change.logger)
[2023-07-28 09:12:54,519] INFO [Broker id=1] Follower __consumer_offsets-37 starts at leader epoch 26 from offset 0 with partition epoch 26 and high watermark 0. Current leader is -1. Previous leader epoch was 25. (state.change.logger)
[2023-07-28 09:12:54,519] INFO [Broker id=1] Follower __consumer_offsets-4 starts at leader epoch 26 from offset 0 with partition epoch 26 and high watermark 0. Current leader is -1. Previous leader epoch was 25. (state.change.logger)
[2023-07-28 09:12:54,519] INFO [Broker id=1] Follower __consumer_offsets-33 starts at leader epoch 26 from offset 0 with partition epoch 26 and high watermark 0. Current leader is -1. Previous leader epoch was 25. (state.change.logger)
[2023-07-28 09:12:54,519] INFO [Broker id=1] Follower __consumer_offsets-15 starts at leader epoch 26 from offset 0 with partition epoch 26 and high watermark 0. Current leader is -1. Previous leader epoch was 25. (state.change.logger)
[2023-07-28 09:12:54,519] INFO [Broker id=1] Follower __consumer_offsets-48 starts at leader epoch 26 from offset 0 with partition epoch 26 and high watermark 0. Current leader is -1. Previous leader epoch was 25. (state.change.logger)
[2023-07-28 09:12:54,519] INFO [Broker id=1] Follower __consumer_offsets-11 starts at leader epoch 26 from offset 0 with partition epoch 26 and high watermark 0. Current leader is -1. Previous leader epoch was 25. (state.change.logger)
[2023-07-28 09:12:54,519] INFO [Broker id=1] Follower __consumer_offsets-44 starts at leader epoch 26 from offset 0 with partition epoch 26 and high watermark 0. Current leader is -1. Previous leader epoch was 25. (state.change.logger)
[2023-07-28 09:12:54,519] INFO [Broker id=1] Follower __consumer_offsets-23 starts at leader epoch 26 from offset 0 with partition epoch 26 and high watermark 0. Current leader is -1. Previous leader epoch was 25. (state.change.logger)
[2023-07-28 09:12:54,519] INFO [Broker id=1] Follower __consumer_offsets-19 starts at leader epoch 26 from offset 0 with partition epoch 26 and high watermark 0. Current leader is -1. Previous leader epoch was 25. (state.change.logger)
[2023-07-28 09:12:54,519] INFO [Broker id=1] Follower __consumer_offsets-32 starts at leader epoch 26 from offset 0 with partition epoch 26 and high watermark 0. Current leader is -1. Previous leader epoch was 25. (state.change.logger)
[2023-07-28 09:12:54,519] INFO [Broker id=1] Follower __consumer_offsets-28 starts at leader epoch 26 from offset 0 with partition epoch 26 and high watermark 0. Current leader is -1. Previous leader epoch was 25. (state.change.logger)
[2023-07-28 09:12:54,519] INFO [Broker id=1] Follower __consumer_offsets-7 starts at leader epoch 26 from offset 0 with partition epoch 26 and high watermark 0. Current leader is -1. Previous leader epoch was 25. (state.change.logger)
[2023-07-28 09:12:54,519] INFO [Broker id=1] Follower __consumer_offsets-40 starts at leader epoch 26 from offset 0 with partition epoch 26 and high watermark 0. Current leader is -1. Previous leader epoch was 25. (state.change.logger)
[2023-07-28 09:12:54,519] INFO [Broker id=1] Follower __consumer_offsets-3 starts at leader epoch 26 from offset 0 with partition epoch 26 and high watermark 0. Current leader is -1. Previous leader epoch was 25. (state.change.logger)
[2023-07-28 09:12:54,519] INFO [Broker id=1] Follower __consumer_offsets-36 starts at leader epoch 26 from offset 0 with partition epoch 26 and high watermark 0. Current leader is -1. Previous leader epoch was 25. (state.change.logger)
[2023-07-28 09:12:54,519] INFO [Broker id=1] Follower __consumer_offsets-47 starts at leader epoch 26 from offset 0 with partition epoch 26 and high watermark 0. Current leader is -1. Previous leader epoch was 25. (state.change.logger)
[2023-07-28 09:12:54,519] INFO [Broker id=1] Follower quickstart-events-0 starts at leader epoch 26 from offset 0 with partition epoch 26 and high watermark 0. Current leader is -1. Previous leader epoch was 25. (state.change.logger)
[2023-07-28 09:12:54,519] INFO [Broker id=1] Follower __consumer_offsets-14 starts at leader epoch 26 from offset 0 with partition epoch 26 and high watermark 0. Current leader is -1. Previous leader epoch was 25. (state.change.logger)
[2023-07-28 09:12:54,519] INFO [Broker id=1] Follower __consumer_offsets-43 starts at leader epoch 26 from offset 0 with partition epoch 26 and high watermark 0. Current leader is -1. Previous leader epoch was 25. (state.change.logger)
[2023-07-28 09:12:54,519] INFO [Broker id=1] Follower __consumer_offsets-10 starts at leader epoch 26 from offset 0 with partition epoch 26 and high watermark 0. Current leader is -1. Previous leader epoch was 25. (state.change.logger)
[2023-07-28 09:12:54,519] INFO [Broker id=1] Follower __consumer_offsets-22 starts at leader epoch 26 from offset 0 with partition epoch 26 and high watermark 0. Current leader is -1. Previous leader epoch was 25. (state.change.logger)
[2023-07-28 09:12:54,519] INFO [Broker id=1] Follower __consumer_offsets-18 starts at leader epoch 26 from offset 3 with partition epoch 26 and high watermark 3. Current leader is -1. Previous leader epoch was 25. (state.change.logger)
[2023-07-28 09:12:54,519] INFO [Broker id=1] Follower __consumer_offsets-31 starts at leader epoch 26 from offset 0 with partition epoch 26 and high watermark 0. Current leader is -1. Previous leader epoch was 25. (state.change.logger)
[2023-07-28 09:12:54,519] INFO [Broker id=1] Follower __consumer_offsets-27 starts at leader epoch 26 from offset 0 with partition epoch 26 and high watermark 0. Current leader is -1. Previous leader epoch was 25. (state.change.logger)
[2023-07-28 09:12:54,519] INFO [Broker id=1] Follower __consumer_offsets-39 starts at leader epoch 26 from offset 0 with partition epoch 26 and high watermark 0. Current leader is -1. Previous leader epoch was 25. (state.change.logger)
[2023-07-28 09:12:54,519] INFO [Broker id=1] Follower __consumer_offsets-6 starts at leader epoch 26 from offset 0 with partition epoch 26 and high watermark 0. Current leader is -1. Previous leader epoch was 25. (state.change.logger)
[2023-07-28 09:12:54,519] INFO [Broker id=1] Follower __consumer_offsets-35 starts at leader epoch 26 from offset 3 with partition epoch 26 and high watermark 3. Current leader is -1. Previous leader epoch was 25. (state.change.logger)
[2023-07-28 09:12:54,519] INFO [Broker id=1] Follower __consumer_offsets-2 starts at leader epoch 26 from offset 0 with partition epoch 26 and high watermark 0. Current leader is -1. Previous leader epoch was 25. (state.change.logger)
[2023-07-28 09:12:54,520] INFO [Broker id=1] Stopped fetchers as part of controlled shutdown for 54 partitions (state.change.logger)
[2023-07-28 09:13:01,418] INFO [Broker id=1] Transitioning 54 partition(s) to local followers. (state.change.logger)
[2023-07-28 09:13:01,419] INFO [Broker id=1] Creating new partition __consumer_offsets-13 with topic id js9BA3PpRkq7RG1XArE0rw. (state.change.logger)
[2023-07-28 09:13:01,429] INFO [Broker id=1] Follower __consumer_offsets-13 starts at leader epoch 26 from offset 0 with partition epoch 26 and high watermark 0. Current leader is -1. Previous leader epoch was -1. (state.change.logger)
[2023-07-28 09:13:01,429] INFO [Broker id=1] Creating new partition __consumer_offsets-46 with topic id js9BA3PpRkq7RG1XArE0rw. (state.change.logger)
[2023-07-28 09:13:01,429] INFO [Broker id=1] Follower __consumer_offsets-46 starts at leader epoch 26 from offset 0 with partition epoch 26 and high watermark 0. Current leader is -1. Previous leader epoch was -1. (state.change.logger)
[2023-07-28 09:13:01,429] INFO [Broker id=1] Creating new partition __consumer_offsets-9 with topic id js9BA3PpRkq7RG1XArE0rw. (state.change.logger)
[2023-07-28 09:13:01,429] INFO [Broker id=1] Follower __consumer_offsets-9 starts at leader epoch 26 from offset 0 with partition epoch 26 and high watermark 0. Current leader is -1. Previous leader epoch was -1. (state.change.logger)
[2023-07-28 09:13:01,429] INFO [Broker id=1] Creating new partition __consumer_offsets-42 with topic id js9BA3PpRkq7RG1XArE0rw. (state.change.logger)
[2023-07-28 09:13:01,429] INFO [Broker id=1] Follower __consumer_offsets-42 starts at leader epoch 26 from offset 0 with partition epoch 26 and high watermark 0. Current leader is -1. Previous leader epoch was -1. (state.change.logger)
[2023-07-28 09:13:01,429] INFO [Broker id=1] Creating new partition __consumer_offsets-21 with topic id js9BA3PpRkq7RG1XArE0rw. (state.change.logger)
[2023-07-28 09:13:01,430] INFO [Broker id=1] Follower __consumer_offsets-21 starts at leader epoch 26 from offset 0 with partition epoch 26 and high watermark 0. Current leader is -1. Previous leader epoch was -1. (state.change.logger)
[2023-07-28 09:13:01,430] INFO [Broker id=1] Creating new partition __consumer_offsets-17 with topic id js9BA3PpRkq7RG1XArE0rw. (state.change.logger)
[2023-07-28 09:13:01,430] INFO [Broker id=1] Follower __consumer_offsets-17 starts at leader epoch 26 from offset 0 with partition epoch 26 and high watermark 0. Current leader is -1. Previous leader epoch was -1. (state.change.logger)
[2023-07-28 09:13:01,430] INFO [Broker id=1] Creating new partition __consumer_offsets-30 with topic id js9BA3PpRkq7RG1XArE0rw. (state.change.logger)
[2023-07-28 09:13:01,430] INFO [Broker id=1] Follower __consumer_offsets-30 starts at leader epoch 26 from offset 0 with partition epoch 26 and high watermark 0. Current leader is -1. Previous leader epoch was -1. (state.change.logger)
[2023-07-28 09:13:01,430] INFO [Broker id=1] Creating new partition __consumer_offsets-26 with topic id js9BA3PpRkq7RG1XArE0rw. (state.change.logger)
[2023-07-28 09:13:01,430] INFO [Broker id=1] Follower __consumer_offsets-26 starts at leader epoch 26 from offset 0 with partition epoch 26 and high watermark 0. Current leader is -1. Previous leader epoch was -1. (state.change.logger)
[2023-07-28 09:13:01,430] INFO [Broker id=1] Creating new partition __consumer_offsets-5 with topic id js9BA3PpRkq7RG1XArE0rw. (state.change.logger)
[2023-07-28 09:13:01,431] INFO [Broker id=1] Follower __consumer_offsets-5 starts at leader epoch 26 from offset 0 with partition epoch 26 and high watermark 0. Current leader is -1. Previous leader epoch was -1. (state.change.logger)
[2023-07-28 09:13:01,431] INFO [Broker id=1] Creating new partition __consumer_offsets-38 with topic id js9BA3PpRkq7RG1XArE0rw. (state.change.logger)
[2023-07-28 09:13:01,431] INFO [Broker id=1] Follower __consumer_offsets-38 starts at leader epoch 26 from offset 0 with partition epoch 26 and high watermark 0. Current leader is -1. Previous leader epoch was -1. (state.change.logger)
[2023-07-28 09:13:01,431] INFO [Broker id=1] Creating new partition triffy-topics-0 with topic id VSVRIoWiQp2W7igdJfd82Q. (state.change.logger)
[2023-07-28 09:13:01,431] INFO [Broker id=1] Follower triffy-topics-0 starts at leader epoch 26 from offset 14 with partition epoch 26 and high watermark 14. Current leader is -1. Previous leader epoch was -1. (state.change.logger)
[2023-07-28 09:13:01,431] INFO [Broker id=1] Creating new partition triffy-ondc-0 with topic id g6cZ_wyEQAiVVYNfdL5DWw. (state.change.logger)
[2023-07-28 09:13:01,431] INFO [Broker id=1] Follower triffy-ondc-0 starts at leader epoch 14 from offset 40 with partition epoch 14 and high watermark 40. Current leader is -1. Previous leader epoch was -1. (state.change.logger)
[2023-07-28 09:13:01,431] INFO [Broker id=1] Creating new partition __consumer_offsets-1 with topic id js9BA3PpRkq7RG1XArE0rw. (state.change.logger)
[2023-07-28 09:13:01,431] INFO [Broker id=1] Follower __consumer_offsets-1 starts at leader epoch 26 from offset 0 with partition epoch 26 and high watermark 0. Current leader is -1. Previous leader epoch was -1. (state.change.logger)
[2023-07-28 09:13:01,431] INFO [Broker id=1] Creating new partition __consumer_offsets-34 with topic id js9BA3PpRkq7RG1XArE0rw. (state.change.logger)
[2023-07-28 09:13:01,431] INFO [Broker id=1] Follower __consumer_offsets-34 starts at leader epoch 26 from offset 0 with partition epoch 26 and high watermark 0. Current leader is -1. Previous leader epoch was -1. (state.change.logger)
[2023-07-28 09:13:01,431] INFO [Broker id=1] Creating new partition __consumer_offsets-16 with topic id js9BA3PpRkq7RG1XArE0rw. (state.change.logger)
[2023-07-28 09:13:01,432] INFO [Broker id=1] Follower __consumer_offsets-16 starts at leader epoch 26 from offset 0 with partition epoch 26 and high watermark 0. Current leader is -1. Previous leader epoch was -1. (state.change.logger)
[2023-07-28 09:13:01,432] INFO [Broker id=1] Creating new partition __consumer_offsets-45 with topic id js9BA3PpRkq7RG1XArE0rw. (state.change.logger)
[2023-07-28 09:13:01,432] INFO [Broker id=1] Follower __consumer_offsets-45 starts at leader epoch 26 from offset 0 with partition epoch 26 and high watermark 0. Current leader is -1. Previous leader epoch was -1. (state.change.logger)
[2023-07-28 09:13:01,432] INFO [Broker id=1] Creating new partition __consumer_offsets-12 with topic id js9BA3PpRkq7RG1XArE0rw. (state.change.logger)
[2023-07-28 09:13:01,432] INFO [Broker id=1] Follower __consumer_offsets-12 starts at leader epoch 26 from offset 0 with partition epoch 26 and high watermark 0. Current leader is -1. Previous leader epoch was -1. (state.change.logger)
[2023-07-28 09:13:01,432] INFO [Broker id=1] Creating new partition __consumer_offsets-41 with topic id js9BA3PpRkq7RG1XArE0rw. (state.change.logger)
[2023-07-28 09:13:01,433] INFO [Broker id=1] Follower __consumer_offsets-41 starts at leader epoch 26 from offset 0 with partition epoch 26 and high watermark 0. Current leader is -1. Previous leader epoch was -1. (state.change.logger)
[2023-07-28 09:13:01,433] INFO [Broker id=1] Creating new partition __consumer_offsets-24 with topic id js9BA3PpRkq7RG1XArE0rw. (state.change.logger)
[2023-07-28 09:13:01,433] INFO [Broker id=1] Follower __consumer_offsets-24 starts at leader epoch 26 from offset 0 with partition epoch 26 and high watermark 0. Current leader is -1. Previous leader epoch was -1. (state.change.logger)
[2023-07-28 09:13:01,433] INFO [Broker id=1] Creating new partition __consumer_offsets-20 with topic id js9BA3PpRkq7RG1XArE0rw. (state.change.logger)
[2023-07-28 09:13:01,433] INFO [Broker id=1] Follower __consumer_offsets-20 starts at leader epoch 26 from offset 11 with partition epoch 26 and high watermark 11. Current leader is -1. Previous leader epoch was -1. (state.change.logger)
[2023-07-28 09:13:01,433] INFO [Broker id=1] Creating new partition __consumer_offsets-49 with topic id js9BA3PpRkq7RG1XArE0rw. (state.change.logger)
[2023-07-28 09:13:01,433] INFO [Broker id=1] Follower __consumer_offsets-49 starts at leader epoch 26 from offset 0 with partition epoch 26 and high watermark 0. Current leader is -1. Previous leader epoch was -1. (state.change.logger)
[2023-07-28 09:13:01,433] INFO [Broker id=1] Creating new partition __consumer_offsets-0 with topic id js9BA3PpRkq7RG1XArE0rw. (state.change.logger)
[2023-07-28 09:13:01,434] INFO [Broker id=1] Follower __consumer_offsets-0 starts at leader epoch 26 from offset 3 with partition epoch 26 and high watermark 3. Current leader is -1. Previous leader epoch was -1. (state.change.logger)
[2023-07-28 09:13:01,434] INFO [Broker id=1] Creating new partition __consumer_offsets-29 with topic id js9BA3PpRkq7RG1XArE0rw. (state.change.logger)
[2023-07-28 09:13:01,434] INFO [Broker id=1] Follower __consumer_offsets-29 starts at leader epoch 26 from offset 0 with partition epoch 26 and high watermark 0. Current leader is -1. Previous leader epoch was -1. (state.change.logger)
[2023-07-28 09:13:01,434] INFO [Broker id=1] Creating new partition triffy-topic-0 with topic id LTxFiij6Qj634-5XnI8jYQ. (state.change.logger)
[2023-07-28 09:13:01,434] INFO [Broker id=1] Follower triffy-topic-0 starts at leader epoch 26 from offset 4 with partition epoch 26 and high watermark 4. Current leader is -1. Previous leader epoch was -1. (state.change.logger)
[2023-07-28 09:13:01,434] INFO [Broker id=1] Creating new partition __consumer_offsets-25 with topic id js9BA3PpRkq7RG1XArE0rw. (state.change.logger)
[2023-07-28 09:13:01,434] INFO [Broker id=1] Follower __consumer_offsets-25 starts at leader epoch 26 from offset 0 with partition epoch 26 and high watermark 0. Current leader is -1. Previous leader epoch was -1. (state.change.logger)
[2023-07-28 09:13:01,434] INFO [Broker id=1] Creating new partition __consumer_offsets-8 with topic id js9BA3PpRkq7RG1XArE0rw. (state.change.logger)
[2023-07-28 09:13:01,434] INFO [Broker id=1] Follower __consumer_offsets-8 starts at leader epoch 26 from offset 0 with partition epoch 26 and high watermark 0. Current leader is -1. Previous leader epoch was -1. (state.change.logger)
[2023-07-28 09:13:01,434] INFO [Broker id=1] Creating new partition __consumer_offsets-37 with topic id js9BA3PpRkq7RG1XArE0rw. (state.change.logger)
[2023-07-28 09:13:01,434] INFO [Broker id=1] Follower __consumer_offsets-37 starts at leader epoch 26 from offset 0 with partition epoch 26 and high watermark 0. Current leader is -1. Previous leader epoch was -1. (state.change.logger)
[2023-07-28 09:13:01,434] INFO [Broker id=1] Creating new partition __consumer_offsets-4 with topic id js9BA3PpRkq7RG1XArE0rw. (state.change.logger)
[2023-07-28 09:13:01,435] INFO [Broker id=1] Follower __consumer_offsets-4 starts at leader epoch 26 from offset 0 with partition epoch 26 and high watermark 0. Current leader is -1. Previous leader epoch was -1. (state.change.logger)
[2023-07-28 09:13:01,435] INFO [Broker id=1] Creating new partition __consumer_offsets-33 with topic id js9BA3PpRkq7RG1XArE0rw. (state.change.logger)
[2023-07-28 09:13:01,435] INFO [Broker id=1] Follower __consumer_offsets-33 starts at leader epoch 26 from offset 0 with partition epoch 26 and high watermark 0. Current leader is -1. Previous leader epoch was -1. (state.change.logger)
[2023-07-28 09:13:01,435] INFO [Broker id=1] Creating new partition __consumer_offsets-15 with topic id js9BA3PpRkq7RG1XArE0rw. (state.change.logger)
[2023-07-28 09:13:01,435] INFO [Broker id=1] Follower __consumer_offsets-15 starts at leader epoch 26 from offset 0 with partition epoch 26 and high watermark 0. Current leader is -1. Previous leader epoch was -1. (state.change.logger)
[2023-07-28 09:13:01,435] INFO [Broker id=1] Creating new partition __consumer_offsets-48 with topic id js9BA3PpRkq7RG1XArE0rw. (state.change.logger)
[2023-07-28 09:13:01,435] INFO [Broker id=1] Follower __consumer_offsets-48 starts at leader epoch 26 from offset 0 with partition epoch 26 and high watermark 0. Current leader is -1. Previous leader epoch was -1. (state.change.logger)
[2023-07-28 09:13:01,435] INFO [Broker id=1] Creating new partition __consumer_offsets-11 with topic id js9BA3PpRkq7RG1XArE0rw. (state.change.logger)
[2023-07-28 09:13:01,435] INFO [Broker id=1] Follower __consumer_offsets-11 starts at leader epoch 26 from offset 0 with partition epoch 26 and high watermark 0. Current leader is -1. Previous leader epoch was -1. (state.change.logger)
[2023-07-28 09:13:01,435] INFO [Broker id=1] Creating new partition __consumer_offsets-44 with topic id js9BA3PpRkq7RG1XArE0rw. (state.change.logger)
[2023-07-28 09:13:01,435] INFO [Broker id=1] Follower __consumer_offsets-44 starts at leader epoch 26 from offset 0 with partition epoch 26 and high watermark 0. Current leader is -1. Previous leader epoch was -1. (state.change.logger)
[2023-07-28 09:13:01,435] INFO [Broker id=1] Creating new partition __consumer_offsets-23 with topic id js9BA3PpRkq7RG1XArE0rw. (state.change.logger)
[2023-07-28 09:13:01,435] INFO [Broker id=1] Follower __consumer_offsets-23 starts at leader epoch 26 from offset 0 with partition epoch 26 and high watermark 0. Current leader is -1. Previous leader epoch was -1. (state.change.logger)
[2023-07-28 09:13:01,435] INFO [Broker id=1] Creating new partition __consumer_offsets-19 with topic id js9BA3PpRkq7RG1XArE0rw. (state.change.logger)
[2023-07-28 09:13:01,435] INFO [Broker id=1] Follower __consumer_offsets-19 starts at leader epoch 26 from offset 0 with partition epoch 26 and high watermark 0. Current leader is -1. Previous leader epoch was -1. (state.change.logger)
[2023-07-28 09:13:01,435] INFO [Broker id=1] Creating new partition __consumer_offsets-32 with topic id js9BA3PpRkq7RG1XArE0rw. (state.change.logger)
[2023-07-28 09:13:01,435] INFO [Broker id=1] Follower __consumer_offsets-32 starts at leader epoch 26 from offset 0 with partition epoch 26 and high watermark 0. Current leader is -1. Previous leader epoch was -1. (state.change.logger)
[2023-07-28 09:13:01,435] INFO [Broker id=1] Creating new partition __consumer_offsets-28 with topic id js9BA3PpRkq7RG1XArE0rw. (state.change.logger)
[2023-07-28 09:13:01,436] INFO [Broker id=1] Follower __consumer_offsets-28 starts at leader epoch 26 from offset 0 with partition epoch 26 and high watermark 0. Current leader is -1. Previous leader epoch was -1. (state.change.logger)
[2023-07-28 09:13:01,436] INFO [Broker id=1] Creating new partition __consumer_offsets-7 with topic id js9BA3PpRkq7RG1XArE0rw. (state.change.logger)
[2023-07-28 09:13:01,436] INFO [Broker id=1] Follower __consumer_offsets-7 starts at leader epoch 26 from offset 0 with partition epoch 26 and high watermark 0. Current leader is -1. Previous leader epoch was -1. (state.change.logger)
[2023-07-28 09:13:01,436] INFO [Broker id=1] Creating new partition __consumer_offsets-40 with topic id js9BA3PpRkq7RG1XArE0rw. (state.change.logger)
[2023-07-28 09:13:01,436] INFO [Broker id=1] Follower __consumer_offsets-40 starts at leader epoch 26 from offset 0 with partition epoch 26 and high watermark 0. Current leader is -1. Previous leader epoch was -1. (state.change.logger)
[2023-07-28 09:13:01,436] INFO [Broker id=1] Creating new partition __consumer_offsets-3 with topic id js9BA3PpRkq7RG1XArE0rw. (state.change.logger)
[2023-07-28 09:13:01,436] INFO [Broker id=1] Follower __consumer_offsets-3 starts at leader epoch 26 from offset 0 with partition epoch 26 and high watermark 0. Current leader is -1. Previous leader epoch was -1. (state.change.logger)
[2023-07-28 09:13:01,436] INFO [Broker id=1] Creating new partition __consumer_offsets-36 with topic id js9BA3PpRkq7RG1XArE0rw. (state.change.logger)
[2023-07-28 09:13:01,436] INFO [Broker id=1] Follower __consumer_offsets-36 starts at leader epoch 26 from offset 0 with partition epoch 26 and high watermark 0. Current leader is -1. Previous leader epoch was -1. (state.change.logger)
[2023-07-28 09:13:01,436] INFO [Broker id=1] Creating new partition __consumer_offsets-47 with topic id js9BA3PpRkq7RG1XArE0rw. (state.change.logger)
[2023-07-28 09:13:01,436] INFO [Broker id=1] Follower __consumer_offsets-47 starts at leader epoch 26 from offset 0 with partition epoch 26 and high watermark 0. Current leader is -1. Previous leader epoch was -1. (state.change.logger)
[2023-07-28 09:13:01,436] INFO [Broker id=1] Creating new partition quickstart-events-0 with topic id dfJCk3WERwGnsgBaCJ5c9Q. (state.change.logger)
[2023-07-28 09:13:01,436] INFO [Broker id=1] Follower quickstart-events-0 starts at leader epoch 26 from offset 0 with partition epoch 26 and high watermark 0. Current leader is -1. Previous leader epoch was -1. (state.change.logger)
[2023-07-28 09:13:01,436] INFO [Broker id=1] Creating new partition __consumer_offsets-14 with topic id js9BA3PpRkq7RG1XArE0rw. (state.change.logger)
[2023-07-28 09:13:01,436] INFO [Broker id=1] Follower __consumer_offsets-14 starts at leader epoch 26 from offset 0 with partition epoch 26 and high watermark 0. Current leader is -1. Previous leader epoch was -1. (state.change.logger)
[2023-07-28 09:13:01,436] INFO [Broker id=1] Creating new partition __consumer_offsets-43 with topic id js9BA3PpRkq7RG1XArE0rw. (state.change.logger)
[2023-07-28 09:13:01,436] INFO [Broker id=1] Follower __consumer_offsets-43 starts at leader epoch 26 from offset 0 with partition epoch 26 and high watermark 0. Current leader is -1. Previous leader epoch was -1. (state.change.logger)
[2023-07-28 09:13:01,436] INFO [Broker id=1] Creating new partition __consumer_offsets-10 with topic id js9BA3PpRkq7RG1XArE0rw. (state.change.logger)
[2023-07-28 09:13:01,436] INFO [Broker id=1] Follower __consumer_offsets-10 starts at leader epoch 26 from offset 0 with partition epoch 26 and high watermark 0. Current leader is -1. Previous leader epoch was -1. (state.change.logger)
[2023-07-28 09:13:01,436] INFO [Broker id=1] Creating new partition __consumer_offsets-22 with topic id js9BA3PpRkq7RG1XArE0rw. (state.change.logger)
[2023-07-28 09:13:01,437] INFO [Broker id=1] Follower __consumer_offsets-22 starts at leader epoch 26 from offset 0 with partition epoch 26 and high watermark 0. Current leader is -1. Previous leader epoch was -1. (state.change.logger)
[2023-07-28 09:13:01,437] INFO [Broker id=1] Creating new partition __consumer_offsets-18 with topic id js9BA3PpRkq7RG1XArE0rw. (state.change.logger)
[2023-07-28 09:13:01,437] INFO [Broker id=1] Follower __consumer_offsets-18 starts at leader epoch 26 from offset 3 with partition epoch 26 and high watermark 3. Current leader is -1. Previous leader epoch was -1. (state.change.logger)
[2023-07-28 09:13:01,437] INFO [Broker id=1] Creating new partition __consumer_offsets-31 with topic id js9BA3PpRkq7RG1XArE0rw. (state.change.logger)
[2023-07-28 09:13:01,437] INFO [Broker id=1] Follower __consumer_offsets-31 starts at leader epoch 26 from offset 0 with partition epoch 26 and high watermark 0. Current leader is -1. Previous leader epoch was -1. (state.change.logger)
[2023-07-28 09:13:01,437] INFO [Broker id=1] Creating new partition __consumer_offsets-27 with topic id js9BA3PpRkq7RG1XArE0rw. (state.change.logger)
[2023-07-28 09:13:01,437] INFO [Broker id=1] Follower __consumer_offsets-27 starts at leader epoch 26 from offset 0 with partition epoch 26 and high watermark 0. Current leader is -1. Previous leader epoch was -1. (state.change.logger)
[2023-07-28 09:13:01,437] INFO [Broker id=1] Creating new partition __consumer_offsets-39 with topic id js9BA3PpRkq7RG1XArE0rw. (state.change.logger)
[2023-07-28 09:13:01,437] INFO [Broker id=1] Follower __consumer_offsets-39 starts at leader epoch 26 from offset 0 with partition epoch 26 and high watermark 0. Current leader is -1. Previous leader epoch was -1. (state.change.logger)
[2023-07-28 09:13:01,437] INFO [Broker id=1] Creating new partition __consumer_offsets-6 with topic id js9BA3PpRkq7RG1XArE0rw. (state.change.logger)
[2023-07-28 09:13:01,437] INFO [Broker id=1] Follower __consumer_offsets-6 starts at leader epoch 26 from offset 0 with partition epoch 26 and high watermark 0. Current leader is -1. Previous leader epoch was -1. (state.change.logger)
[2023-07-28 09:13:01,437] INFO [Broker id=1] Creating new partition __consumer_offsets-35 with topic id js9BA3PpRkq7RG1XArE0rw. (state.change.logger)
[2023-07-28 09:13:01,437] INFO [Broker id=1] Follower __consumer_offsets-35 starts at leader epoch 26 from offset 3 with partition epoch 26 and high watermark 3. Current leader is -1. Previous leader epoch was -1. (state.change.logger)
[2023-07-28 09:13:01,437] INFO [Broker id=1] Creating new partition __consumer_offsets-2 with topic id js9BA3PpRkq7RG1XArE0rw. (state.change.logger)
[2023-07-28 09:13:01,437] INFO [Broker id=1] Follower __consumer_offsets-2 starts at leader epoch 26 from offset 0 with partition epoch 26 and high watermark 0. Current leader is -1. Previous leader epoch was -1. (state.change.logger)
[2023-07-28 09:13:01,438] INFO [Broker id=1] Stopped fetchers as part of become-follower for 54 partitions (state.change.logger)
[2023-07-28 09:13:01,440] INFO [Broker id=1] Started fetchers as part of become-follower for 54 partitions (state.change.logger)
[2023-07-28 09:13:01,466] INFO [Broker id=1] Transitioning 54 partition(s) to local leaders. (state.change.logger)
[2023-07-28 09:13:01,470] INFO [Broker id=1] Leader __consumer_offsets-13 with topic id Some(js9BA3PpRkq7RG1XArE0rw) starts at leader epoch 27 from offset 0 with partition epoch 27, high watermark 0, ISR [1], adding replicas [] and removing replicas [] . Previous leader epoch was 26. (state.change.logger)
[2023-07-28 09:13:01,475] INFO [Broker id=1] Leader __consumer_offsets-46 with topic id Some(js9BA3PpRkq7RG1XArE0rw) starts at leader epoch 27 from offset 0 with partition epoch 27, high watermark 0, ISR [1], adding replicas [] and removing replicas [] . Previous leader epoch was 26. (state.change.logger)
[2023-07-28 09:13:01,478] INFO [Broker id=1] Leader __consumer_offsets-9 with topic id Some(js9BA3PpRkq7RG1XArE0rw) starts at leader epoch 27 from offset 0 with partition epoch 27, high watermark 0, ISR [1], adding replicas [] and removing replicas [] . Previous leader epoch was 26. (state.change.logger)
[2023-07-28 09:13:01,480] INFO [Broker id=1] Leader __consumer_offsets-42 with topic id Some(js9BA3PpRkq7RG1XArE0rw) starts at leader epoch 27 from offset 0 with partition epoch 27, high watermark 0, ISR [1], adding replicas [] and removing replicas [] . Previous leader epoch was 26. (state.change.logger)
[2023-07-28 09:13:01,484] INFO [Broker id=1] Leader __consumer_offsets-21 with topic id Some(js9BA3PpRkq7RG1XArE0rw) starts at leader epoch 27 from offset 0 with partition epoch 27, high watermark 0, ISR [1], adding replicas [] and removing replicas [] . Previous leader epoch was 26. (state.change.logger)
[2023-07-28 09:13:01,487] INFO [Broker id=1] Leader __consumer_offsets-17 with topic id Some(js9BA3PpRkq7RG1XArE0rw) starts at leader epoch 27 from offset 0 with partition epoch 27, high watermark 0, ISR [1], adding replicas [] and removing replicas [] . Previous leader epoch was 26. (state.change.logger)
[2023-07-28 09:13:01,489] INFO [Broker id=1] Leader __consumer_offsets-30 with topic id Some(js9BA3PpRkq7RG1XArE0rw) starts at leader epoch 27 from offset 0 with partition epoch 27, high watermark 0, ISR [1], adding replicas [] and removing replicas [] . Previous leader epoch was 26. (state.change.logger)
[2023-07-28 09:13:01,491] INFO [Broker id=1] Leader __consumer_offsets-26 with topic id Some(js9BA3PpRkq7RG1XArE0rw) starts at leader epoch 27 from offset 0 with partition epoch 27, high watermark 0, ISR [1], adding replicas [] and removing replicas [] . Previous leader epoch was 26. (state.change.logger)
[2023-07-28 09:13:01,494] INFO [Broker id=1] Leader __consumer_offsets-5 with topic id Some(js9BA3PpRkq7RG1XArE0rw) starts at leader epoch 27 from offset 0 with partition epoch 27, high watermark 0, ISR [1], adding replicas [] and removing replicas [] . Previous leader epoch was 26. (state.change.logger)
[2023-07-28 09:13:01,498] INFO [Broker id=1] Leader __consumer_offsets-38 with topic id Some(js9BA3PpRkq7RG1XArE0rw) starts at leader epoch 27 from offset 0 with partition epoch 27, high watermark 0, ISR [1], adding replicas [] and removing replicas [] . Previous leader epoch was 26. (state.change.logger)
[2023-07-28 09:13:01,501] INFO [Broker id=1] Leader triffy-topics-0 with topic id Some(VSVRIoWiQp2W7igdJfd82Q) starts at leader epoch 27 from offset 14 with partition epoch 27, high watermark 14, ISR [1], adding replicas [] and removing replicas [] . Previous leader epoch was 26. (state.change.logger)
[2023-07-28 09:13:01,504] INFO [Broker id=1] Leader triffy-ondc-0 with topic id Some(g6cZ_wyEQAiVVYNfdL5DWw) starts at leader epoch 15 from offset 40 with partition epoch 15, high watermark 40, ISR [1], adding replicas [] and removing replicas [] . Previous leader epoch was 14. (state.change.logger)
[2023-07-28 09:13:01,505] INFO [Broker id=1] Leader __consumer_offsets-1 with topic id Some(js9BA3PpRkq7RG1XArE0rw) starts at leader epoch 27 from offset 0 with partition epoch 27, high watermark 0, ISR [1], adding replicas [] and removing replicas [] . Previous leader epoch was 26. (state.change.logger)
[2023-07-28 09:13:01,508] INFO [Broker id=1] Leader __consumer_offsets-34 with topic id Some(js9BA3PpRkq7RG1XArE0rw) starts at leader epoch 27 from offset 0 with partition epoch 27, high watermark 0, ISR [1], adding replicas [] and removing replicas [] . Previous leader epoch was 26. (state.change.logger)
[2023-07-28 09:13:01,513] INFO [Broker id=1] Leader __consumer_offsets-16 with topic id Some(js9BA3PpRkq7RG1XArE0rw) starts at leader epoch 27 from offset 0 with partition epoch 27, high watermark 0, ISR [1], adding replicas [] and removing replicas [] . Previous leader epoch was 26. (state.change.logger)
[2023-07-28 09:13:01,516] INFO [Broker id=1] Leader __consumer_offsets-45 with topic id Some(js9BA3PpRkq7RG1XArE0rw) starts at leader epoch 27 from offset 0 with partition epoch 27, high watermark 0, ISR [1], adding replicas [] and removing replicas [] . Previous leader epoch was 26. (state.change.logger)
[2023-07-28 09:13:01,518] INFO [Broker id=1] Leader __consumer_offsets-12 with topic id Some(js9BA3PpRkq7RG1XArE0rw) starts at leader epoch 27 from offset 0 with partition epoch 27, high watermark 0, ISR [1], adding replicas [] and removing replicas [] . Previous leader epoch was 26. (state.change.logger)
[2023-07-28 09:13:01,522] INFO [Broker id=1] Leader __consumer_offsets-41 with topic id Some(js9BA3PpRkq7RG1XArE0rw) starts at leader epoch 27 from offset 0 with partition epoch 27, high watermark 0, ISR [1], adding replicas [] and removing replicas [] . Previous leader epoch was 26. (state.change.logger)
[2023-07-28 09:13:01,525] INFO [Broker id=1] Leader __consumer_offsets-24 with topic id Some(js9BA3PpRkq7RG1XArE0rw) starts at leader epoch 27 from offset 0 with partition epoch 27, high watermark 0, ISR [1], adding replicas [] and removing replicas [] . Previous leader epoch was 26. (state.change.logger)
[2023-07-28 09:13:01,527] INFO [Broker id=1] Leader __consumer_offsets-20 with topic id Some(js9BA3PpRkq7RG1XArE0rw) starts at leader epoch 27 from offset 11 with partition epoch 27, high watermark 11, ISR [1], adding replicas [] and removing replicas [] . Previous leader epoch was 26. (state.change.logger)
[2023-07-28 09:13:01,530] INFO [Broker id=1] Leader __consumer_offsets-49 with topic id Some(js9BA3PpRkq7RG1XArE0rw) starts at leader epoch 27 from offset 0 with partition epoch 27, high watermark 0, ISR [1], adding replicas [] and removing replicas [] . Previous leader epoch was 26. (state.change.logger)
[2023-07-28 09:13:01,532] INFO [Broker id=1] Leader __consumer_offsets-0 with topic id Some(js9BA3PpRkq7RG1XArE0rw) starts at leader epoch 27 from offset 3 with partition epoch 27, high watermark 3, ISR [1], adding replicas [] and removing replicas [] . Previous leader epoch was 26. (state.change.logger)
[2023-07-28 09:13:01,535] INFO [Broker id=1] Leader __consumer_offsets-29 with topic id Some(js9BA3PpRkq7RG1XArE0rw) starts at leader epoch 27 from offset 0 with partition epoch 27, high watermark 0, ISR [1], adding replicas [] and removing replicas [] . Previous leader epoch was 26. (state.change.logger)
[2023-07-28 09:13:01,537] INFO [Broker id=1] Leader triffy-topic-0 with topic id Some(LTxFiij6Qj634-5XnI8jYQ) starts at leader epoch 27 from offset 4 with partition epoch 27, high watermark 4, ISR [1], adding replicas [] and removing replicas [] . Previous leader epoch was 26. (state.change.logger)
[2023-07-28 09:13:01,539] INFO [Broker id=1] Leader __consumer_offsets-25 with topic id Some(js9BA3PpRkq7RG1XArE0rw) starts at leader epoch 27 from offset 0 with partition epoch 27, high watermark 0, ISR [1], adding replicas [] and removing replicas [] . Previous leader epoch was 26. (state.change.logger)
[2023-07-28 09:13:01,542] INFO [Broker id=1] Leader __consumer_offsets-8 with topic id Some(js9BA3PpRkq7RG1XArE0rw) starts at leader epoch 27 from offset 0 with partition epoch 27, high watermark 0, ISR [1], adding replicas [] and removing replicas [] . Previous leader epoch was 26. (state.change.logger)
[2023-07-28 09:13:01,545] INFO [Broker id=1] Leader __consumer_offsets-37 with topic id Some(js9BA3PpRkq7RG1XArE0rw) starts at leader epoch 27 from offset 0 with partition epoch 27, high watermark 0, ISR [1], adding replicas [] and removing replicas [] . Previous leader epoch was 26. (state.change.logger)
[2023-07-28 09:13:01,549] INFO [Broker id=1] Leader __consumer_offsets-4 with topic id Some(js9BA3PpRkq7RG1XArE0rw) starts at leader epoch 27 from offset 0 with partition epoch 27, high watermark 0, ISR [1], adding replicas [] and removing replicas [] . Previous leader epoch was 26. (state.change.logger)
[2023-07-28 09:13:01,551] INFO [Broker id=1] Leader __consumer_offsets-33 with topic id Some(js9BA3PpRkq7RG1XArE0rw) starts at leader epoch 27 from offset 0 with partition epoch 27, high watermark 0, ISR [1], adding replicas [] and removing replicas [] . Previous leader epoch was 26. (state.change.logger)
[2023-07-28 09:13:01,555] INFO [Broker id=1] Leader __consumer_offsets-15 with topic id Some(js9BA3PpRkq7RG1XArE0rw) starts at leader epoch 27 from offset 0 with partition epoch 27, high watermark 0, ISR [1], adding replicas [] and removing replicas [] . Previous leader epoch was 26. (state.change.logger)
[2023-07-28 09:13:01,557] INFO [Broker id=1] Leader __consumer_offsets-48 with topic id Some(js9BA3PpRkq7RG1XArE0rw) starts at leader epoch 27 from offset 0 with partition epoch 27, high watermark 0, ISR [1], adding replicas [] and removing replicas [] . Previous leader epoch was 26. (state.change.logger)
[2023-07-28 09:13:01,562] INFO [Broker id=1] Leader __consumer_offsets-11 with topic id Some(js9BA3PpRkq7RG1XArE0rw) starts at leader epoch 27 from offset 0 with partition epoch 27, high watermark 0, ISR [1], adding replicas [] and removing replicas [] . Previous leader epoch was 26. (state.change.logger)
[2023-07-28 09:13:01,563] INFO [Broker id=1] Leader __consumer_offsets-44 with topic id Some(js9BA3PpRkq7RG1XArE0rw) starts at leader epoch 27 from offset 0 with partition epoch 27, high watermark 0, ISR [1], adding replicas [] and removing replicas [] . Previous leader epoch was 26. (state.change.logger)
[2023-07-28 09:13:01,567] INFO [Broker id=1] Leader __consumer_offsets-23 with topic id Some(js9BA3PpRkq7RG1XArE0rw) starts at leader epoch 27 from offset 0 with partition epoch 27, high watermark 0, ISR [1], adding replicas [] and removing replicas [] . Previous leader epoch was 26. (state.change.logger)
[2023-07-28 09:13:01,570] INFO [Broker id=1] Leader __consumer_offsets-19 with topic id Some(js9BA3PpRkq7RG1XArE0rw) starts at leader epoch 27 from offset 0 with partition epoch 27, high watermark 0, ISR [1], adding replicas [] and removing replicas [] . Previous leader epoch was 26. (state.change.logger)
[2023-07-28 09:13:01,573] INFO [Broker id=1] Leader __consumer_offsets-32 with topic id Some(js9BA3PpRkq7RG1XArE0rw) starts at leader epoch 27 from offset 0 with partition epoch 27, high watermark 0, ISR [1], adding replicas [] and removing replicas [] . Previous leader epoch was 26. (state.change.logger)
[2023-07-28 09:13:01,576] INFO [Broker id=1] Leader __consumer_offsets-28 with topic id Some(js9BA3PpRkq7RG1XArE0rw) starts at leader epoch 27 from offset 0 with partition epoch 27, high watermark 0, ISR [1], adding replicas [] and removing replicas [] . Previous leader epoch was 26. (state.change.logger)
[2023-07-28 09:13:01,580] INFO [Broker id=1] Leader __consumer_offsets-7 with topic id Some(js9BA3PpRkq7RG1XArE0rw) starts at leader epoch 27 from offset 0 with partition epoch 27, high watermark 0, ISR [1], adding replicas [] and removing replicas [] . Previous leader epoch was 26. (state.change.logger)
[2023-07-28 09:13:01,583] INFO [Broker id=1] Leader __consumer_offsets-40 with topic id Some(js9BA3PpRkq7RG1XArE0rw) starts at leader epoch 27 from offset 0 with partition epoch 27, high watermark 0, ISR [1], adding replicas [] and removing replicas [] . Previous leader epoch was 26. (state.change.logger)
[2023-07-28 09:13:01,586] INFO [Broker id=1] Leader __consumer_offsets-3 with topic id Some(js9BA3PpRkq7RG1XArE0rw) starts at leader epoch 27 from offset 0 with partition epoch 27, high watermark 0, ISR [1], adding replicas [] and removing replicas [] . Previous leader epoch was 26. (state.change.logger)
[2023-07-28 09:13:01,590] INFO [Broker id=1] Leader __consumer_offsets-36 with topic id Some(js9BA3PpRkq7RG1XArE0rw) starts at leader epoch 27 from offset 0 with partition epoch 27, high watermark 0, ISR [1], adding replicas [] and removing replicas [] . Previous leader epoch was 26. (state.change.logger)
[2023-07-28 09:13:01,594] INFO [Broker id=1] Leader __consumer_offsets-47 with topic id Some(js9BA3PpRkq7RG1XArE0rw) starts at leader epoch 27 from offset 0 with partition epoch 27, high watermark 0, ISR [1], adding replicas [] and removing replicas [] . Previous leader epoch was 26. (state.change.logger)
[2023-07-28 09:13:01,597] INFO [Broker id=1] Leader quickstart-events-0 with topic id Some(dfJCk3WERwGnsgBaCJ5c9Q) starts at leader epoch 27 from offset 0 with partition epoch 27, high watermark 0, ISR [1], adding replicas [] and removing replicas [] . Previous leader epoch was 26. (state.change.logger)
[2023-07-28 09:13:01,599] INFO [Broker id=1] Leader __consumer_offsets-14 with topic id Some(js9BA3PpRkq7RG1XArE0rw) starts at leader epoch 27 from offset 0 with partition epoch 27, high watermark 0, ISR [1], adding replicas [] and removing replicas [] . Previous leader epoch was 26. (state.change.logger)
[2023-07-28 09:13:01,604] INFO [Broker id=1] Leader __consumer_offsets-43 with topic id Some(js9BA3PpRkq7RG1XArE0rw) starts at leader epoch 27 from offset 0 with partition epoch 27, high watermark 0, ISR [1], adding replicas [] and removing replicas [] . Previous leader epoch was 26. (state.change.logger)
[2023-07-28 09:13:01,607] INFO [Broker id=1] Leader __consumer_offsets-10 with topic id Some(js9BA3PpRkq7RG1XArE0rw) starts at leader epoch 27 from offset 0 with partition epoch 27, high watermark 0, ISR [1], adding replicas [] and removing replicas [] . Previous leader epoch was 26. (state.change.logger)
[2023-07-28 09:13:01,611] INFO [Broker id=1] Leader __consumer_offsets-22 with topic id Some(js9BA3PpRkq7RG1XArE0rw) starts at leader epoch 27 from offset 0 with partition epoch 27, high watermark 0, ISR [1], adding replicas [] and removing replicas [] . Previous leader epoch was 26. (state.change.logger)
[2023-07-28 09:13:01,614] INFO [Broker id=1] Leader __consumer_offsets-18 with topic id Some(js9BA3PpRkq7RG1XArE0rw) starts at leader epoch 27 from offset 3 with partition epoch 27, high watermark 3, ISR [1], adding replicas [] and removing replicas [] . Previous leader epoch was 26. (state.change.logger)
[2023-07-28 09:13:01,615] INFO [Broker id=1] Leader __consumer_offsets-31 with topic id Some(js9BA3PpRkq7RG1XArE0rw) starts at leader epoch 27 from offset 0 with partition epoch 27, high watermark 0, ISR [1], adding replicas [] and removing replicas [] . Previous leader epoch was 26. (state.change.logger)
[2023-07-28 09:13:01,619] INFO [Broker id=1] Leader __consumer_offsets-27 with topic id Some(js9BA3PpRkq7RG1XArE0rw) starts at leader epoch 27 from offset 0 with partition epoch 27, high watermark 0, ISR [1], adding replicas [] and removing replicas [] . Previous leader epoch was 26. (state.change.logger)
[2023-07-28 09:13:01,623] INFO [Broker id=1] Leader __consumer_offsets-39 with topic id Some(js9BA3PpRkq7RG1XArE0rw) starts at leader epoch 27 from offset 0 with partition epoch 27, high watermark 0, ISR [1], adding replicas [] and removing replicas [] . Previous leader epoch was 26. (state.change.logger)
[2023-07-28 09:13:01,626] INFO [Broker id=1] Leader __consumer_offsets-6 with topic id Some(js9BA3PpRkq7RG1XArE0rw) starts at leader epoch 27 from offset 0 with partition epoch 27, high watermark 0, ISR [1], adding replicas [] and removing replicas [] . Previous leader epoch was 26. (state.change.logger)
[2023-07-28 09:13:01,629] INFO [Broker id=1] Leader __consumer_offsets-35 with topic id Some(js9BA3PpRkq7RG1XArE0rw) starts at leader epoch 27 from offset 3 with partition epoch 27, high watermark 3, ISR [1], adding replicas [] and removing replicas [] . Previous leader epoch was 26. (state.change.logger)
[2023-07-28 09:13:01,632] INFO [Broker id=1] Leader __consumer_offsets-2 with topic id Some(js9BA3PpRkq7RG1XArE0rw) starts at leader epoch 27 from offset 0 with partition epoch 27, high watermark 0, ISR [1], adding replicas [] and removing replicas [] . Previous leader epoch was 26. (state.change.logger)
